# JRE version: OpenJDK Runtime Environment (8.0_242-b01) (build 1.8.0_242-release-1644-b01)
# Java VM: OpenJDK 64-Bit Server VM (25.242-b01 mixed mode windows-amd64 compressed oops)
Heap:
 PSYoungGen      total 645632K, used 238398K [0x00000000d5580000, 0x00000000ffd80000, 0x0000000100000000)
  eden space 598016K, 37% used [0x00000000d5580000,0x00000000e2d9e5d0,0x00000000f9d80000)
  from space 47616K, 35% used [0x00000000f9d80000,0x00000000fae31348,0x00000000fcc00000)
  to   space 45568K, 0% used [0x00000000fd100000,0x00000000fd100000,0x00000000ffd80000)
 ParOldGen       total 532480K, used 438143K [0x0000000080000000, 0x00000000a0800000, 0x00000000d5580000)
  object space 532480K, 82% used [0x0000000080000000,0x000000009abdfcb8,0x00000000a0800000)
 Metaspace       used 378194K, capacity 396944K, committed 397976K, reserved 1396736K
  class space    used 46701K, capacity 50264K, committed 50600K, reserved 1048576K
GC Heap History (10 events):
Event: 4171.494 GC heap before
{Heap before GC invocations=121 (full 12):
 PSYoungGen      total 640512K, used 598558K [0x00000000d5580000, 0x00000000ffb00000, 0x0000000100000000)
  eden space 585728K, 100% used [0x00000000d5580000,0x00000000f9180000,0x00000000f9180000)
  from space 54784K, 23% used [0x00000000fc580000,0x00000000fd207b38,0x00000000ffb00000)
  to   space 53248K, 0% used [0x00000000f9180000,0x00000000f9180000,0x00000000fc580000)
 ParOldGen       total 532480K, used 379541K [0x0000000080000000, 0x00000000a0800000, 0x00000000d5580000)
  object space 532480K, 71% used [0x0000000080000000,0x00000000972a5588,0x00000000a0800000)
 Metaspace       used 377692K, capacity 396456K, committed 397592K, reserved 1396736K
  class space    used 46640K, capacity 50208K, committed 50472K, reserved 1048576K
Event: 4171.544 GC heap after
Heap after GC invocations=121 (full 12):
 PSYoungGen      total 638976K, used 22480K [0x00000000d5580000, 0x00000000ff980000, 0x0000000100000000)
  eden space 585728K, 0% used [0x00000000d5580000,0x00000000d5580000,0x00000000f9180000)
  from space 53248K, 42% used [0x00000000f9180000,0x00000000fa774288,0x00000000fc580000)
  to   space 50688K, 0% used [0x00000000fc800000,0x00000000fc800000,0x00000000ff980000)
 ParOldGen       total 532480K, used 385719K [0x0000000080000000, 0x00000000a0800000, 0x00000000d5580000)
  object space 532480K, 72% used [0x0000000080000000,0x00000000978adf00,0x00000000a0800000)
 Metaspace       used 377692K, capacity 396456K, committed 397592K, reserved 1396736K
  class space    used 46640K, capacity 50208K, committed 50472K, reserved 1048576K
}
Event: 4172.173 GC heap before
{Heap before GC invocations=122 (full 12):
 PSYoungGen      total 638976K, used 608208K [0x00000000d5580000, 0x00000000ff980000, 0x0000000100000000)
  eden space 585728K, 100% used [0x00000000d5580000,0x00000000f9180000,0x00000000f9180000)
  from space 53248K, 42% used [0x00000000f9180000,0x00000000fa774288,0x00000000fc580000)
  to   space 50688K, 0% used [0x00000000fc800000,0x00000000fc800000,0x00000000ff980000)
 ParOldGen       total 532480K, used 385719K [0x0000000080000000, 0x00000000a0800000, 0x00000000d5580000)
  object space 532480K, 72% used [0x0000000080000000,0x00000000978adf00,0x00000000a0800000)
 Metaspace       used 377699K, capacity 396462K, committed 397592K, reserved 1396736K
  class space    used 46640K, capacity 50209K, committed 50472K, reserved 1048576K
Event: 4172.200 GC heap after
Heap after GC invocations=122 (full 12):
 PSYoungGen      total 643584K, used 14774K [0x00000000d5580000, 0x00000000ff980000, 0x0000000100000000)
  eden space 592896K, 0% used [0x00000000d5580000,0x00000000d5580000,0x00000000f9880000)
  from space 50688K, 29% used [0x00000000fc800000,0x00000000fd66d8e8,0x00000000ff980000)
  to   space 48640K, 0% used [0x00000000f9880000,0x00000000f9880000,0x00000000fc800000)
 ParOldGen       total 532480K, used 395971K [0x0000000080000000, 0x00000000a0800000, 0x00000000d5580000)
  object space 532480K, 74% used [0x0000000080000000,0x00000000982b0ff8,0x00000000a0800000)
 Metaspace       used 377699K, capacity 396462K, committed 397592K, reserved 1396736K
  class space    used 46640K, capacity 50209K, committed 50472K, reserved 1048576K
}
Event: 4173.216 GC heap before
{Heap before GC invocations=123 (full 12):
 PSYoungGen      total 643584K, used 607670K [0x00000000d5580000, 0x00000000ff980000, 0x0000000100000000)
  eden space 592896K, 100% used [0x00000000d5580000,0x00000000f9880000,0x00000000f9880000)
  from space 50688K, 29% used [0x00000000fc800000,0x00000000fd66d8e8,0x00000000ff980000)
  to   space 48640K, 0% used [0x00000000f9880000,0x00000000f9880000,0x00000000fc800000)
 ParOldGen       total 532480K, used 395971K [0x0000000080000000, 0x00000000a0800000, 0x00000000d5580000)
  object space 532480K, 74% used [0x0000000080000000,0x00000000982b0ff8,0x00000000a0800000)
 Metaspace       used 377704K, capacity 396462K, committed 397592K, reserved 1396736K
  class space    used 46640K, capacity 50209K, committed 50472K, reserved 1048576K
Event: 4173.253 GC heap after
Heap after GC invocations=123 (full 12):
 PSYoungGen      total 641536K, used 19555K [0x00000000d5580000, 0x00000000ff900000, 0x0000000100000000)
  eden space 592896K, 0% used [0x00000000d5580000,0x00000000d5580000,0x00000000f9880000)
  from space 48640K, 40% used [0x00000000f9880000,0x00000000fab98dc8,0x00000000fc800000)
  to   space 46080K, 0% used [0x00000000fcc00000,0x00000000fcc00000,0x00000000ff900000)
 ParOldGen       total 532480K, used 402675K [0x0000000080000000, 0x00000000a0800000, 0x00000000d5580000)
  object space 532480K, 75% used [0x0000000080000000,0x000000009893cfa8,0x00000000a0800000)
 Metaspace       used 377704K, capacity 396462K, committed 397592K, reserved 1396736K
  class space    used 46640K, capacity 50209K, committed 50472K, reserved 1048576K
}
Event: 4174.949 GC heap before
{Heap before GC invocations=124 (full 12):
 PSYoungGen      total 641536K, used 612451K [0x00000000d5580000, 0x00000000ff900000, 0x0000000100000000)
  eden space 592896K, 100% used [0x00000000d5580000,0x00000000f9880000,0x00000000f9880000)
  from space 48640K, 40% used [0x00000000f9880000,0x00000000fab98dc8,0x00000000fc800000)
  to   space 46080K, 0% used [0x00000000fcc00000,0x00000000fcc00000,0x00000000ff900000)
 ParOldGen       total 532480K, used 402675K [0x0000000080000000, 0x00000000a0800000, 0x00000000d5580000)
  object space 532480K, 75% used [0x0000000080000000,0x000000009893cfa8,0x00000000a0800000)
 Metaspace       used 377858K, capacity 396554K, committed 397592K, reserved 1396736K
  class space    used 46660K, capacity 50213K, committed 50472K, reserved 1048576K
Event: 4175.032 GC heap after
Heap after GC invocations=124 (full 12):
 PSYoungGen      total 644096K, used 30870K [0x00000000d5580000, 0x0000000100000000, 0x0000000100000000)
  eden space 598016K, 0% used [0x00000000d5580000,0x00000000d5580000,0x00000000f9d80000)
  from space 46080K, 66% used [0x00000000fcc00000,0x00000000fea25b58,0x00000000ff900000)
  to   space 47616K, 0% used [0x00000000f9d80000,0x00000000f9d80000,0x00000000fcc00000)
 ParOldGen       total 532480K, used 412555K [0x0000000080000000, 0x00000000a0800000, 0x00000000d5580000)
  object space 532480K, 77% used [0x0000000080000000,0x00000000992e2ff8,0x00000000a0800000)
 Metaspace       used 377858K, capacity 396554K, committed 397592K, reserved 1396736K
  class space    used 46660K, capacity 50213K, committed 50472K, reserved 1048576K
}
Event: 4176.936 GC heap before
{Heap before GC invocations=125 (full 12):
 PSYoungGen      total 644096K, used 628886K [0x00000000d5580000, 0x0000000100000000, 0x0000000100000000)
  eden space 598016K, 100% used [0x00000000d5580000,0x00000000f9d80000,0x00000000f9d80000)
  from space 46080K, 66% used [0x00000000fcc00000,0x00000000fea25b58,0x00000000ff900000)
  to   space 47616K, 0% used [0x00000000f9d80000,0x00000000f9d80000,0x00000000fcc00000)
 ParOldGen       total 532480K, used 412555K [0x0000000080000000, 0x00000000a0800000, 0x00000000d5580000)
  object space 532480K, 77% used [0x0000000080000000,0x00000000992e2ff8,0x00000000a0800000)
 Metaspace       used 378186K, capacity 396944K, committed 397976K, reserved 1396736K
  class space    used 46701K, capacity 50264K, committed 50600K, reserved 1048576K
Event: 4177.008 GC heap after
Heap after GC invocations=125 (full 12):
 PSYoungGen      total 645632K, used 17092K [0x00000000d5580000, 0x00000000ffd80000, 0x0000000100000000)
  eden space 598016K, 0% used [0x00000000d5580000,0x00000000d5580000,0x00000000f9d80000)
  from space 47616K, 35% used [0x00000000f9d80000,0x00000000fae31348,0x00000000fcc00000)
  to   space 45568K, 0% used [0x00000000fd100000,0x00000000fd100000,0x00000000ffd80000)
 ParOldGen       total 532480K, used 438143K [0x0000000080000000, 0x00000000a0800000, 0x00000000d5580000)
  object space 532480K, 82% used [0x0000000080000000,0x000000009abdfcb8,0x00000000a0800000)
 Metaspace       used 378186K, capacity 396944K, committed 397976K, reserved 1396736K
  class space    used 46701K, capacity 50264K, committed 50600K, reserved 1048576K
}

