# JRE version: OpenJDK Runtime Environment (8.0_242-b01) (build 1.8.0_242-release-1644-b01)
# Java VM: OpenJDK 64-Bit Server VM (25.242-b01 mixed mode windows-amd64 compressed oops)
Heap:
 PSYoungGen      total 38400K, used 9171K [0x00000000d5580000, 0x00000000d8180000, 0x0000000100000000)
  eden space 31744K, 28% used [0x00000000d5580000,0x00000000d5e74f88,0x00000000d7480000)
  from space 6656K, 0% used [0x00000000d7b00000,0x00000000d7b00000,0x00000000d8180000)
  to   space 5120K, 0% used [0x00000000d7500000,0x00000000d7500000,0x00000000d7a00000)
 ParOldGen       total 39936K, used 7895K [0x0000000080000000, 0x0000000082700000, 0x00000000d5580000)
  object space 39936K, 19% used [0x0000000080000000,0x00000000807b5f58,0x0000000082700000)
 Metaspace       used 22878K, capacity 23632K, committed 23852K, reserved 1069056K
  class space    used 3252K, capacity 3480K, committed 3584K, reserved 1048576K
GC Heap History (10 events):
Event: 9.472 GC heap before
{Heap before GC invocations=6 (full 1):
 PSYoungGen      total 38400K, used 33280K [0x00000000d5580000, 0x00000000d8000000, 0x0000000100000000)
  eden space 33280K, 100% used [0x00000000d5580000,0x00000000d7600000,0x00000000d7600000)
  from space 5120K, 0% used [0x00000000d7b00000,0x00000000d7b00000,0x00000000d8000000)
  to   space 5120K, 0% used [0x00000000d7600000,0x00000000d7600000,0x00000000d7b00000)
 ParOldGen       total 39936K, used 5452K [0x0000000080000000, 0x0000000082700000, 0x00000000d5580000)
  object space 39936K, 13% used [0x0000000080000000,0x0000000080553330,0x0000000082700000)
 Metaspace       used 16516K, capacity 17044K, committed 17280K, reserved 1064960K
  class space    used 2230K, capacity 2396K, committed 2432K, reserved 1048576K
Event: 9.475 GC heap after
Heap after GC invocations=6 (full 1):
 PSYoungGen      total 37888K, used 3625K [0x00000000d5580000, 0x00000000d8380000, 0x0000000100000000)
  eden space 32768K, 0% used [0x00000000d5580000,0x00000000d5580000,0x00000000d7580000)
  from space 5120K, 70% used [0x00000000d7600000,0x00000000d798a7f0,0x00000000d7b00000)
  to   space 7168K, 0% used [0x00000000d7c80000,0x00000000d7c80000,0x00000000d8380000)
 ParOldGen       total 39936K, used 5452K [0x0000000080000000, 0x0000000082700000, 0x00000000d5580000)
  object space 39936K, 13% used [0x0000000080000000,0x0000000080553330,0x0000000082700000)
 Metaspace       used 16516K, capacity 17044K, committed 17280K, reserved 1064960K
  class space    used 2230K, capacity 2396K, committed 2432K, reserved 1048576K
}
Event: 10.223 GC heap before
{Heap before GC invocations=7 (full 1):
 PSYoungGen      total 37888K, used 36393K [0x00000000d5580000, 0x00000000d8380000, 0x0000000100000000)
  eden space 32768K, 100% used [0x00000000d5580000,0x00000000d7580000,0x00000000d7580000)
  from space 5120K, 70% used [0x00000000d7600000,0x00000000d798a7f0,0x00000000d7b00000)
  to   space 7168K, 0% used [0x00000000d7c80000,0x00000000d7c80000,0x00000000d8380000)
 ParOldGen       total 39936K, used 5452K [0x0000000080000000, 0x0000000082700000, 0x00000000d5580000)
  object space 39936K, 13% used [0x0000000080000000,0x0000000080553330,0x0000000082700000)
 Metaspace       used 19440K, capacity 20066K, committed 20352K, reserved 1067008K
  class space    used 2700K, capacity 2901K, committed 2944K, reserved 1048576K
Event: 10.228 GC heap after
Heap after GC invocations=7 (full 1):
 PSYoungGen      total 38912K, used 4750K [0x00000000d5580000, 0x00000000d8300000, 0x0000000100000000)
  eden space 32256K, 0% used [0x00000000d5580000,0x00000000d5580000,0x00000000d7500000)
  from space 6656K, 71% used [0x00000000d7c80000,0x00000000d8123a68,0x00000000d8300000)
  to   space 7168K, 0% used [0x00000000d7500000,0x00000000d7500000,0x00000000d7c00000)
 ParOldGen       total 39936K, used 5460K [0x0000000080000000, 0x0000000082700000, 0x00000000d5580000)
  object space 39936K, 13% used [0x0000000080000000,0x0000000080555330,0x0000000082700000)
 Metaspace       used 19440K, capacity 20066K, committed 20352K, reserved 1067008K
  class space    used 2700K, capacity 2901K, committed 2944K, reserved 1048576K
}
Event: 10.994 GC heap before
{Heap before GC invocations=8 (full 1):
 PSYoungGen      total 38912K, used 37006K [0x00000000d5580000, 0x00000000d8300000, 0x0000000100000000)
  eden space 32256K, 100% used [0x00000000d5580000,0x00000000d7500000,0x00000000d7500000)
  from space 6656K, 71% used [0x00000000d7c80000,0x00000000d8123a68,0x00000000d8300000)
  to   space 7168K, 0% used [0x00000000d7500000,0x00000000d7500000,0x00000000d7c00000)
 ParOldGen       total 39936K, used 5460K [0x0000000080000000, 0x0000000082700000, 0x00000000d5580000)
  object space 39936K, 13% used [0x0000000080000000,0x0000000080555330,0x0000000082700000)
 Metaspace       used 21483K, capacity 22124K, committed 22272K, reserved 1069056K
  class space    used 3019K, capacity 3212K, committed 3328K, reserved 1048576K
Event: 10.999 GC heap after
Heap after GC invocations=8 (full 1):
 PSYoungGen      total 36864K, used 4945K [0x00000000d5580000, 0x00000000d8180000, 0x0000000100000000)
  eden space 31744K, 0% used [0x00000000d5580000,0x00000000d5580000,0x00000000d7480000)
  from space 5120K, 96% used [0x00000000d7500000,0x00000000d79d44b8,0x00000000d7a00000)
  to   space 6656K, 0% used [0x00000000d7b00000,0x00000000d7b00000,0x00000000d8180000)
 ParOldGen       total 39936K, used 5468K [0x0000000080000000, 0x0000000082700000, 0x00000000d5580000)
  object space 39936K, 13% used [0x0000000080000000,0x0000000080557330,0x0000000082700000)
 Metaspace       used 21483K, capacity 22124K, committed 22272K, reserved 1069056K
  class space    used 3019K, capacity 3212K, committed 3328K, reserved 1048576K
}
Event: 11.135 GC heap before
{Heap before GC invocations=9 (full 1):
 PSYoungGen      total 36864K, used 14066K [0x00000000d5580000, 0x00000000d8180000, 0x0000000100000000)
  eden space 31744K, 28% used [0x00000000d5580000,0x00000000d5e68728,0x00000000d7480000)
  from space 5120K, 96% used [0x00000000d7500000,0x00000000d79d44b8,0x00000000d7a00000)
  to   space 6656K, 0% used [0x00000000d7b00000,0x00000000d7b00000,0x00000000d8180000)
 ParOldGen       total 39936K, used 5468K [0x0000000080000000, 0x0000000082700000, 0x00000000d5580000)
  object space 39936K, 13% used [0x0000000080000000,0x0000000080557330,0x0000000082700000)
 Metaspace       used 22124K, capacity 22740K, committed 22828K, reserved 1069056K
  class space    used 3121K, capacity 3310K, committed 3328K, reserved 1048576K
Event: 11.139 GC heap after
Heap after GC invocations=9 (full 1):
 PSYoungGen      total 38400K, used 3724K [0x00000000d5580000, 0x00000000d8180000, 0x0000000100000000)
  eden space 31744K, 0% used [0x00000000d5580000,0x00000000d5580000,0x00000000d7480000)
  from space 6656K, 55% used [0x00000000d7b00000,0x00000000d7ea3298,0x00000000d8180000)
  to   space 5120K, 0% used [0x00000000d7500000,0x00000000d7500000,0x00000000d7a00000)
 ParOldGen       total 39936K, used 5476K [0x0000000080000000, 0x0000000082700000, 0x00000000d5580000)
  object space 39936K, 13% used [0x0000000080000000,0x0000000080559330,0x0000000082700000)
 Metaspace       used 22124K, capacity 22740K, committed 22828K, reserved 1069056K
  class space    used 3121K, capacity 3310K, committed 3328K, reserved 1048576K
}
Event: 11.139 GC heap before
{Heap before GC invocations=10 (full 2):
 PSYoungGen      total 38400K, used 3724K [0x00000000d5580000, 0x00000000d8180000, 0x0000000100000000)
  eden space 31744K, 0% used [0x00000000d5580000,0x00000000d5580000,0x00000000d7480000)
  from space 6656K, 55% used [0x00000000d7b00000,0x00000000d7ea3298,0x00000000d8180000)
  to   space 5120K, 0% used [0x00000000d7500000,0x00000000d7500000,0x00000000d7a00000)
 ParOldGen       total 39936K, used 5476K [0x0000000080000000, 0x0000000082700000, 0x00000000d5580000)
  object space 39936K, 13% used [0x0000000080000000,0x0000000080559330,0x0000000082700000)
 Metaspace       used 22124K, capacity 22740K, committed 22828K, reserved 1069056K
  class space    used 3121K, capacity 3310K, committed 3328K, reserved 1048576K
Event: 11.229 GC heap after
Heap after GC invocations=10 (full 2):
 PSYoungGen      total 38400K, used 0K [0x00000000d5580000, 0x00000000d8180000, 0x0000000100000000)
  eden space 31744K, 0% used [0x00000000d5580000,0x00000000d5580000,0x00000000d7480000)
  from space 6656K, 0% used [0x00000000d7b00000,0x00000000d7b00000,0x00000000d8180000)
  to   space 5120K, 0% used [0x00000000d7500000,0x00000000d7500000,0x00000000d7a00000)
 ParOldGen       total 39936K, used 7895K [0x0000000080000000, 0x0000000082700000, 0x00000000d5580000)
  object space 39936K, 19% used [0x0000000080000000,0x00000000807b5f58,0x0000000082700000)
 Metaspace       used 22124K, capacity 22740K, committed 22828K, reserved 1069056K
  class space    used 3121K, capacity 3310K, committed 3328K, reserved 1048576K
}

